<?xml version="1.0" encoding="UTF-8"?>
<testng-results skipped="0" failed="0" ignored="0" total="1" passed="1">
  <reporter-output>
  </reporter-output>
  <suite name="Suite1" duration-ms="54822" started-at="2017-12-08T03:40:25Z" finished-at="2017-12-08T03:41:20Z">
    <groups>
      <group name="cucumber">
        <method signature="AbstractTestNGCucumberTests.feature(cucumber.api.testng.CucumberFeatureWrapper)[pri:0, instance:com.Saidul.testRunner.TestRunner1@14acaea5]" name="feature" class="cucumber.api.testng.AbstractTestNGCucumberTests"/>
      </group> <!-- cucumber -->
    </groups>
    <test name="Regression1" duration-ms="54822" started-at="2017-12-08T03:40:25Z" finished-at="2017-12-08T03:41:20Z">
      <class name="com.Saidul.testRunner.TestRunner1">
        <test-method status="PASS" signature="setUpClass()[pri:0, instance:com.Saidul.testRunner.TestRunner1@14acaea5]" name="setUpClass" is-config="true" duration-ms="181" started-at="2017-12-07T22:40:25Z" finished-at="2017-12-07T22:40:26Z">
          <reporter-output>
          </reporter-output>
        </test-method> <!-- setUpClass -->
        <test-method status="PASS" signature="feature(cucumber.api.testng.CucumberFeatureWrapper)[pri:0, instance:com.Saidul.testRunner.TestRunner1@14acaea5]" name="feature" duration-ms="54561" started-at="2017-12-07T22:40:26Z" description="Runs Cucumber Feature" data-provider="features" finished-at="2017-12-07T22:41:20Z">
          <params>
            <param index="0">
              <value>
                <![CDATA[Search a   Product]]>
              </value>
            </param>
          </params>
          <reporter-output>
          </reporter-output>
        </test-method> <!-- feature -->
        <test-method status="PASS" signature="tearDownClass()[pri:0, instance:com.Saidul.testRunner.TestRunner1@14acaea5]" name="tearDownClass" is-config="true" duration-ms="4" started-at="2017-12-07T22:41:20Z" finished-at="2017-12-07T22:41:20Z">
          <reporter-output>
          </reporter-output>
        </test-method> <!-- tearDownClass -->
      </class> <!-- com.Saidul.testRunner.TestRunner1 -->
    </test> <!-- Regression1 -->
  </suite> <!-- Suite1 -->
</testng-results>
